0 verbose cli /Users/cryzez/.nvm/versions/node/v22.20.0/bin/node /Users/cryzez/.nvm/versions/node/v22.20.0/bin/npm
1 info using npm@11.6.4
2 info using node@v22.20.0
3 silly config load:file:/Users/cryzez/.nvm/versions/node/v22.20.0/lib/node_modules/npm/npmrc
4 silly config load:file:/Users/cryzez/Documents/PDF-Tables/PDF-Tables/.npmrc
5 silly config load:file:/Users/cryzez/.npmrc
6 silly config load:file:/Users/cryzez/.nvm/versions/node/v22.20.0/etc/npmrc
7 verbose title npm install @supabase/supabase-js@latest @supabase/ssr@latest
8 verbose argv "install" "@supabase/supabase-js@latest" "@supabase/ssr@latest"
9 verbose logfile logs-max:10 dir:/Users/cryzez/Documents/PDF-Tables/PDF-Tables/.npm-cache/_logs/2026-01-09T04_02_06_751Z-
10 verbose logfile /Users/cryzez/Documents/PDF-Tables/PDF-Tables/.npm-cache/_logs/2026-01-09T04_02_06_751Z-debug-0.log
11 silly logfile done cleaning log files
12 silly packumentCache heap:4345298944 maxSize:1086324736 maxEntrySize:543162368
13 silly packumentCache corgi:https://registry.npmjs.org/@supabase%2fsupabase-js cache-miss
14 silly packumentCache corgi:https://registry.npmjs.org/@supabase%2fssr cache-miss
15 http fetch GET 200 https://registry.npmjs.org/@supabase%2fsupabase-js 252ms (cache miss)
16 silly packumentCache corgi:https://registry.npmjs.org/@supabase%2fsupabase-js set size:undefined disposed:false
17 http fetch GET 200 https://registry.npmjs.org/@supabase%2fssr 360ms (cache miss)
18 silly packumentCache corgi:https://registry.npmjs.org/@supabase%2fssr set size:undefined disposed:false
19 silly idealTree buildDeps
20 silly fetch manifest @supabase/ssr@0.8.0
21 silly packumentCache full:https://registry.npmjs.org/@supabase%2fssr cache-miss
22 http fetch GET 200 https://registry.npmjs.org/@supabase%2fssr 51ms (cache miss)
23 silly packumentCache full:https://registry.npmjs.org/@supabase%2fssr set size:undefined disposed:false
24 silly fetch manifest @supabase/supabase-js@2.90.1
25 silly packumentCache full:https://registry.npmjs.org/@supabase%2fsupabase-js cache-miss
26 http fetch GET 200 https://registry.npmjs.org/@supabase%2fsupabase-js 326ms (cache miss)
27 silly packumentCache full:https://registry.npmjs.org/@supabase%2fsupabase-js set size:undefined disposed:false
28 silly placeDep ROOT @supabase/ssr@0.8.0 REPLACE for: pdf-tables@0.1.0 want: 0.8.0
29 silly placeDep ROOT @supabase/supabase-js@2.90.1 REPLACE for: pdf-tables@0.1.0 want: 2.90.1
30 silly fetch manifest @supabase/auth-js@2.90.1
31 silly packumentCache full:https://registry.npmjs.org/@supabase%2fauth-js cache-miss
32 silly fetch manifest @supabase/functions-js@2.90.1
33 silly packumentCache full:https://registry.npmjs.org/@supabase%2ffunctions-js cache-miss
34 silly fetch manifest @supabase/postgrest-js@2.90.1
35 silly packumentCache full:https://registry.npmjs.org/@supabase%2fpostgrest-js cache-miss
36 silly fetch manifest @supabase/realtime-js@2.90.1
37 silly packumentCache full:https://registry.npmjs.org/@supabase%2frealtime-js cache-miss
38 silly fetch manifest @supabase/storage-js@2.90.1
39 silly packumentCache full:https://registry.npmjs.org/@supabase%2fstorage-js cache-miss
40 http fetch GET 200 https://registry.npmjs.org/@supabase%2fauth-js 104ms (cache miss)
41 silly packumentCache full:https://registry.npmjs.org/@supabase%2fauth-js set size:undefined disposed:false
42 http fetch GET 200 https://registry.npmjs.org/@supabase%2frealtime-js 112ms (cache miss)
43 silly packumentCache full:https://registry.npmjs.org/@supabase%2frealtime-js set size:undefined disposed:false
44 http fetch GET 200 https://registry.npmjs.org/@supabase%2fpostgrest-js 152ms (cache miss)
45 silly packumentCache full:https://registry.npmjs.org/@supabase%2fpostgrest-js set size:undefined disposed:false
46 http fetch GET 200 https://registry.npmjs.org/@supabase%2fstorage-js 293ms (cache miss)
47 silly packumentCache full:https://registry.npmjs.org/@supabase%2fstorage-js set size:undefined disposed:false
48 http fetch GET 200 https://registry.npmjs.org/@supabase%2ffunctions-js 563ms (cache miss)
49 silly packumentCache full:https://registry.npmjs.org/@supabase%2ffunctions-js set size:undefined disposed:false
50 silly placeDep ROOT @supabase/auth-js@2.90.1 OK for: @supabase/supabase-js@2.90.1 want: 2.90.1
51 silly placeDep ROOT @supabase/functions-js@2.90.1 OK for: @supabase/supabase-js@2.90.1 want: 2.90.1
52 silly placeDep ROOT @supabase/postgrest-js@2.90.1 OK for: @supabase/supabase-js@2.90.1 want: 2.90.1
53 silly placeDep ROOT @supabase/realtime-js@2.90.1 OK for: @supabase/supabase-js@2.90.1 want: 2.90.1
54 silly placeDep ROOT @supabase/storage-js@2.90.1 OK for: @supabase/supabase-js@2.90.1 want: 2.90.1
55 silly fetch manifest @types/phoenix@^1.6.6
56 silly packumentCache full:https://registry.npmjs.org/@types%2fphoenix cache-miss
57 silly fetch manifest @types/ws@^8.18.1
58 silly packumentCache full:https://registry.npmjs.org/@types%2fws cache-miss
59 silly fetch manifest iceberg-js@^0.8.1
60 silly packumentCache full:https://registry.npmjs.org/iceberg-js cache-miss
61 http fetch GET 200 https://registry.npmjs.org/iceberg-js 38ms (cache miss)
62 silly packumentCache full:https://registry.npmjs.org/iceberg-js set size:undefined disposed:false
63 http fetch GET 200 https://registry.npmjs.org/@types%2fws 63ms (cache miss)
64 silly packumentCache full:https://registry.npmjs.org/@types%2fws set size:undefined disposed:false
65 http fetch GET 200 https://registry.npmjs.org/@types%2fphoenix 125ms (cache miss)
66 silly packumentCache full:https://registry.npmjs.org/@types%2fphoenix set size:undefined disposed:false
67 silly placeDep ROOT @types/phoenix@1.6.7 OK for: @supabase/realtime-js@2.90.1 want: ^1.6.6
68 silly placeDep ROOT @types/ws@8.18.1 OK for: @supabase/realtime-js@2.90.1 want: ^8.18.1
69 silly placeDep ROOT iceberg-js@0.8.1 OK for: @supabase/storage-js@2.90.1 want: ^0.8.1
70 silly reify mark retired [
70 silly reify   '/Users/cryzez/Documents/PDF-Tables/PDF-Tables/node_modules/@supabase/auth-js'
70 silly reify ]
71 silly reify mark retired [
71 silly reify   '/Users/cryzez/Documents/PDF-Tables/PDF-Tables/node_modules/@supabase/functions-js'
71 silly reify ]
72 silly reify mark retired [
72 silly reify   '/Users/cryzez/Documents/PDF-Tables/PDF-Tables/node_modules/@supabase/postgrest-js'
72 silly reify ]
73 silly reify mark retired [
73 silly reify   '/Users/cryzez/Documents/PDF-Tables/PDF-Tables/node_modules/@supabase/realtime-js'
73 silly reify ]
74 silly reify mark retired [
74 silly reify   '/Users/cryzez/Documents/PDF-Tables/PDF-Tables/node_modules/@supabase/storage-js'
74 silly reify ]
75 silly reify mark retired [
75 silly reify   '/Users/cryzez/Documents/PDF-Tables/PDF-Tables/node_modules/@supabase/supabase-js'
75 silly reify ]
76 silly reify moves {
76 silly reify   '/Users/cryzez/Documents/PDF-Tables/PDF-Tables/node_modules/@supabase/auth-js': '/Users/cryzez/Documents/PDF-Tables/PDF-Tables/node_modules/@supabase/.auth-js-XQIiCOwT',
76 silly reify   '/Users/cryzez/Documents/PDF-Tables/PDF-Tables/node_modules/@supabase/functions-js': '/Users/cryzez/Documents/PDF-Tables/PDF-Tables/node_modules/@supabase/.functions-js-l3HJn2kH',
76 silly reify   '/Users/cryzez/Documents/PDF-Tables/PDF-Tables/node_modules/@supabase/postgrest-js': '/Users/cryzez/Documents/PDF-Tables/PDF-Tables/node_modules/@supabase/.postgrest-js-S4Bxoav6',
76 silly reify   '/Users/cryzez/Documents/PDF-Tables/PDF-Tables/node_modules/@supabase/realtime-js': '/Users/cryzez/Documents/PDF-Tables/PDF-Tables/node_modules/@supabase/.realtime-js-nbg1iKW5',
76 silly reify   '/Users/cryzez/Documents/PDF-Tables/PDF-Tables/node_modules/@supabase/storage-js': '/Users/cryzez/Documents/PDF-Tables/PDF-Tables/node_modules/@supabase/.storage-js-fjTcsvRf',
76 silly reify   '/Users/cryzez/Documents/PDF-Tables/PDF-Tables/node_modules/@supabase/supabase-js': '/Users/cryzez/Documents/PDF-Tables/PDF-Tables/node_modules/@supabase/.supabase-js-762ErybF'
76 silly reify }
77 silly audit bulk request {
77 silly audit   '@alloc/quick-lru': [ '5.2.0' ],
77 silly audit   '@antfu/ni': [ '25.0.0' ],
77 silly audit   '@babel/code-frame': [ '7.27.1' ],
77 silly audit   '@babel/compat-data': [ '7.28.5' ],
77 silly audit   '@babel/core': [ '7.28.5' ],
77 silly audit   json5: [ '2.2.3', '1.0.2' ],
77 silly audit   semver: [ '6.3.1', '7.7.3' ],
77 silly audit   '@babel/generator': [ '7.28.5' ],
77 silly audit   '@babel/helper-annotate-as-pure': [ '7.27.3' ],
77 silly audit   '@babel/helper-compilation-targets': [ '7.27.2' ],
77 silly audit   '@babel/helper-create-class-features-plugin': [ '7.28.5' ],
77 silly audit   '@babel/helper-globals': [ '7.28.0' ],
77 silly audit   '@babel/helper-member-expression-to-functions': [ '7.28.5' ],
77 silly audit   '@babel/helper-module-imports': [ '7.27.1' ],
77 silly audit   '@babel/helper-module-transforms': [ '7.28.3' ],
77 silly audit   '@babel/helper-optimise-call-expression': [ '7.27.1' ],
77 silly audit   '@babel/helper-plugin-utils': [ '7.27.1' ],
77 silly audit   '@babel/helper-replace-supers': [ '7.27.1' ],
77 silly audit   '@babel/helper-skip-transparent-expression-wrappers': [ '7.27.1' ],
77 silly audit   '@babel/helper-string-parser': [ '7.27.1' ],
77 silly audit   '@babel/helper-validator-identifier': [ '7.28.5' ],
77 silly audit   '@babel/helper-validator-option': [ '7.27.1' ],
77 silly audit   '@babel/helpers': [ '7.28.4' ],
77 silly audit   '@babel/parser': [ '7.28.5' ],
77 silly audit   '@babel/plugin-syntax-jsx': [ '7.27.1' ],
77 silly audit   '@babel/plugin-syntax-typescript': [ '7.27.1' ],
77 silly audit   '@babel/plugin-transform-modules-commonjs': [ '7.27.1' ],
77 silly audit   '@babel/plugin-transform-typescript': [ '7.28.5' ],
77 silly audit   '@babel/preset-typescript': [ '7.28.5' ],
77 silly audit   '@babel/runtime': [ '7.28.4' ],
77 silly audit   '@babel/template': [ '7.27.2' ],
77 silly audit   '@babel/traverse': [ '7.28.5' ],
77 silly audit   '@babel/types': [ '7.28.5' ],
77 silly audit   '@dimforge/rapier3d-compat': [ '0.12.0' ],
77 silly audit   '@dotenvx/dotenvx': [ '1.51.4' ],
77 silly audit   commander: [ '11.1.0', '4.1.1', '14.0.2' ],
77 silly audit   execa: [ '5.1.1', '9.6.1' ],
77 silly audit   fdir: [ '6.5.0' ],
77 silly audit   'get-stream': [ '6.0.1', '9.0.1' ],
77 silly audit   'human-signals': [ '2.1.0', '8.0.1' ],
77 silly audit   'is-stream': [ '2.0.1', '4.0.1' ],
77 silly audit   isexe: [ '3.1.1', '2.0.0' ],
77 silly audit   'npm-run-path': [ '4.0.1', '6.0.0' ],
77 silly audit   onetime: [ '5.1.2', '7.0.0' ],
77 silly audit   picomatch: [ '4.0.3', '2.3.1' ],
77 silly audit   'signal-exit': [ '3.0.7', '4.1.0' ],
77 silly audit   'strip-final-newline': [ '2.0.0', '4.0.0' ],
77 silly audit   which: [ '4.0.0', '2.0.2' ],
77 silly audit   '@ecies/ciphers': [ '0.2.5' ],
77 silly audit   '@emnapi/core': [ '1.7.1' ],
77 silly audit   '@emnapi/runtime': [ '1.7.1' ],
77 silly audit   '@emnapi/wasi-threads': [ '1.1.0' ],
77 silly audit   '@eslint-community/eslint-utils': [ '4.9.1' ],
77 silly audit   '@eslint-community/regexpp': [ '4.12.2' ],
77 silly audit   '@eslint/eslintrc': [ '2.1.4' ],
77 silly audit   '@eslint/js': [ '8.57.1' ],
77 silly audit   '@google/genai': [ '1.34.0' ],
77 silly audit   '@hono/node-server': [ '1.19.7' ],
77 silly audit   '@humanwhocodes/config-array': [ '0.13.0' ],
77 silly audit   '@humanwhocodes/module-importer': [ '1.0.1' ],
77 silly audit   '@humanwhocodes/object-schema': [ '2.0.3' ],
77 silly audit   '@inquirer/ansi': [ '1.0.2' ],
77 silly audit   '@inquirer/confirm': [ '5.1.21' ],
77 silly audit   '@inquirer/core': [ '10.3.2' ],
77 silly audit   '@inquirer/figures': [ '1.0.15' ],
77 silly audit   '@inquirer/type': [ '3.0.10' ],
77 silly audit   '@isaacs/balanced-match': [ '4.0.1' ],
77 silly audit   '@isaacs/brace-expansion': [ '5.0.0' ],
77 silly audit   '@isaacs/cliui': [ '8.0.2' ],
77 silly audit   'ansi-regex': [ '6.2.2', '5.0.1' ],
77 silly audit   'ansi-styles': [ '6.2.3', '4.3.0' ],
77 silly audit   'string-width': [ '5.1.2', '4.2.3', '7.2.0' ],
77 silly audit   'strip-ansi': [ '7.1.2', '6.0.1' ],
77 silly audit   'wrap-ansi': [ '8.1.0', '7.0.0', '6.2.0' ],
77 silly audit   '@jridgewell/gen-mapping': [ '0.3.13' ],
77 silly audit   '@jridgewell/remapping': [ '2.3.5' ],
77 silly audit   '@jridgewell/resolve-uri': [ '3.1.2' ],
77 silly audit   '@jridgewell/sourcemap-codec': [ '1.5.5' ],
77 silly audit   '@jridgewell/trace-mapping': [ '0.3.31' ],
77 silly audit   '@modelcontextprotocol/sdk': [ '1.25.2' ],
77 silly audit   ajv: [ '8.17.1', '6.12.6' ],
77 silly audit   'json-schema-traverse': [ '1.0.0', '0.4.1' ],
77 silly audit   '@mswjs/interceptors': [ '0.40.0' ],
77 silly audit   '@napi-rs/canvas': [ '0.1.88' ],
77 silly audit   '@napi-rs/canvas-android-arm64': [ '0.1.88' ],
77 silly audit   '@napi-rs/canvas-darwin-arm64': [ '0.1.88' ],
77 silly audit   '@napi-rs/canvas-darwin-x64': [ '0.1.88' ],
77 silly audit   '@napi-rs/canvas-linux-arm-gnueabihf': [ '0.1.88' ],
77 silly audit   '@napi-rs/canvas-linux-arm64-gnu': [ '0.1.88' ],
77 silly audit   '@napi-rs/canvas-linux-arm64-musl': [ '0.1.88' ],
77 silly audit   '@napi-rs/canvas-linux-riscv64-gnu': [ '0.1.88' ],
77 silly audit   '@napi-rs/canvas-linux-x64-gnu': [ '0.1.88' ],
77 silly audit   '@napi-rs/canvas-linux-x64-musl': [ '0.1.88' ],
77 silly audit   '@napi-rs/canvas-win32-arm64-msvc': [ '0.1.88' ],
77 silly audit   '@napi-rs/canvas-win32-x64-msvc': [ '0.1.88' ],
77 silly audit   '@napi-rs/wasm-runtime': [ '0.2.12' ],
77 silly audit   '@next/env': [ '14.2.35' ],
77 silly audit   '@next/eslint-plugin-next': [ '14.0.4' ],
77 silly audit   '@next/swc-darwin-arm64': [ '14.2.33' ],
77 silly audit   '@next/swc-darwin-x64': [ '14.2.33' ],
77 silly audit   '@next/swc-linux-arm64-gnu': [ '14.2.33' ],
77 silly audit   '@next/swc-linux-arm64-musl': [ '14.2.33' ],
77 silly audit   '@next/swc-linux-x64-gnu': [ '14.2.33' ],
77 silly audit   '@next/swc-linux-x64-musl': [ '14.2.33' ],
77 silly audit   '@next/swc-win32-arm64-msvc': [ '14.2.33' ],
77 silly audit   '@next/swc-win32-ia32-msvc': [ '14.2.33' ],
77 silly audit   '@next/swc-win32-x64-msvc': [ '14.2.33' ],
77 silly audit   '@noble/ciphers': [ '1.3.0' ],
77 silly audit   '@noble/curves': [ '1.9.7' ],
77 silly audit   '@noble/hashes': [ '1.8.0' ],
77 silly audit   '@nodelib/fs.scandir': [ '2.1.5' ],
77 silly audit   '@nodelib/fs.stat': [ '2.0.5' ],
77 silly audit   '@nodelib/fs.walk': [ '1.2.8' ],
77 silly audit   '@nolyfill/is-core-module': [ '1.0.39' ],
77 silly audit   '@open-draft/deferred-promise': [ '2.2.0' ],
77 silly audit   '@open-draft/logger': [ '0.3.0' ],
77 silly audit   '@open-draft/until': [ '2.1.0' ],
77 silly audit   '@pkgjs/parseargs': [ '0.11.0' ],
77 silly audit   '@radix-ui/react-compose-refs': [ '1.1.2' ],
77 silly audit   '@radix-ui/react-label': [ '2.1.8' ],
77 silly audit   '@radix-ui/react-primitive': [ '2.1.4' ],
77 silly audit   '@radix-ui/react-separator': [ '1.1.8' ],
77 silly audit   '@radix-ui/react-slot': [ '1.2.4' ],
77 silly audit   '@react-three/fiber': [ '8.18.0' ],
77 silly audit   scheduler: [ '0.21.0', '0.23.2' ],
77 silly audit   '@rtsao/scc': [ '1.1.0' ],
77 silly audit   '@rushstack/eslint-patch': [ '1.15.0' ],
77 silly audit   '@sec-ant/readable-stream': [ '0.4.1' ],
77 silly audit   '@sindresorhus/merge-streams': [ '4.0.0' ],
77 silly audit   '@swc/counter': [ '0.1.3' ],
77 silly audit   '@swc/helpers': [ '0.5.5' ],
77 silly audit   '@ts-morph/common': [ '0.27.0' ],
77 silly audit   minimatch: [ '10.1.1', '9.0.3', '9.0.5', '3.1.2' ],
77 silly audit   '@tweenjs/tween.js': [ '23.1.3' ],
77 silly audit   '@tybys/wasm-util': [ '0.10.1' ],
77 silly audit   '@types/json5': [ '0.0.29' ],
77 silly audit   '@types/node': [ '20.19.27' ],
77 silly audit   '@types/prop-types': [ '15.7.15' ],
77 silly audit   '@types/react': [ '18.3.27' ],
77 silly audit   '@types/react-dom': [ '18.3.7' ],
77 silly audit   '@types/react-reconciler': [ '0.26.7', '0.28.9' ],
77 silly audit   '@types/stats.js': [ '0.17.4' ],
77 silly audit   '@types/statuses': [ '2.0.6' ],
77 silly audit   '@types/three': [ '0.182.0' ],
77 silly audit   '@types/uuid': [ '9.0.8' ],
77 silly audit   '@types/webxr': [ '0.5.24' ],
77 silly audit   '@typescript-eslint/parser': [ '6.21.0' ],
77 silly audit   '@typescript-eslint/scope-manager': [ '6.21.0' ],
77 silly audit   '@typescript-eslint/types': [ '6.21.0' ],
77 silly audit   '@typescript-eslint/typescript-estree': [ '6.21.0' ],
77 silly audit   'brace-expansion': [ '2.0.2', '1.1.12' ],
77 silly audit   '@typescript-eslint/visitor-keys': [ '6.21.0' ],
77 silly audit   '@ungap/structured-clone': [ '1.3.0' ],
77 silly audit   '@unrs/resolver-binding-android-arm-eabi': [ '1.11.1' ],
77 silly audit   '@unrs/resolver-binding-android-arm64': [ '1.11.1' ],
77 silly audit   '@unrs/resolver-binding-darwin-arm64': [ '1.11.1' ],
77 silly audit   '@unrs/resolver-binding-darwin-x64': [ '1.11.1' ],
77 silly audit   '@unrs/resolver-binding-freebsd-x64': [ '1.11.1' ],
77 silly audit   '@unrs/resolver-binding-linux-arm-gnueabihf': [ '1.11.1' ],
77 silly audit   '@unrs/resolver-binding-linux-arm-musleabihf': [ '1.11.1' ],
77 silly audit   '@unrs/resolver-binding-linux-arm64-gnu': [ '1.11.1' ],
77 silly audit   '@unrs/resolver-binding-linux-arm64-musl': [ '1.11.1' ],
77 silly audit   '@unrs/resolver-binding-linux-ppc64-gnu': [ '1.11.1' ],
77 silly audit   '@unrs/resolver-binding-linux-riscv64-gnu': [ '1.11.1' ],
77 silly audit   '@unrs/resolver-binding-linux-riscv64-musl': [ '1.11.1' ],
77 silly audit   '@unrs/resolver-binding-linux-s390x-gnu': [ '1.11.1' ],
77 silly audit   '@unrs/resolver-binding-linux-x64-gnu': [ '1.11.1' ],
77 silly audit   '@unrs/resolver-binding-linux-x64-musl': [ '1.11.1' ],
77 silly audit   '@unrs/resolver-binding-wasm32-wasi': [ '1.11.1' ],
77 silly audit   '@unrs/resolver-binding-win32-arm64-msvc': [ '1.11.1' ],
77 silly audit   '@unrs/resolver-binding-win32-ia32-msvc': [ '1.11.1' ],
77 silly audit   '@unrs/resolver-binding-win32-x64-msvc': [ '1.11.1' ],
77 silly audit   '@webgpu/types': [ '0.1.68' ],
77 silly audit   accepts: [ '2.0.0' ],
77 silly audit   acorn: [ '8.15.0' ],
77 silly audit   'acorn-jsx': [ '5.3.2' ],
77 silly audit   'agent-base': [ '7.1.4' ],
77 silly audit   'ajv-formats': [ '3.0.1' ],
77 silly audit   ansis: [ '4.2.0' ],
77 silly audit   'any-promise': [ '1.3.0' ],
77 silly audit   anymatch: [ '3.1.3' ],
77 silly audit   arg: [ '5.0.2' ],
77 silly audit   argparse: [ '2.0.1' ],
77 silly audit   'aria-query': [ '5.3.2' ],
77 silly audit   'array-buffer-byte-length': [ '1.0.2' ],
77 silly audit   'array-includes': [ '3.1.9' ],
77 silly audit   'array-union': [ '2.1.0' ],
77 silly audit   'array.prototype.findlast': [ '1.2.5' ],
77 silly audit   'array.prototype.findlastindex': [ '1.2.6' ],
77 silly audit   'array.prototype.flat': [ '1.3.3' ],
77 silly audit   'array.prototype.flatmap': [ '1.3.3' ],
77 silly audit   'array.prototype.tosorted': [ '1.1.4' ],
77 silly audit   'arraybuffer.prototype.slice': [ '1.0.4' ],
77 silly audit   'ast-types': [ '0.16.1' ],
77 silly audit   'ast-types-flow': [ '0.0.8' ],
77 silly audit   'async-function': [ '1.0.0' ],
77 silly audit   autoprefixer: [ '10.4.23' ],
77 silly audit   'available-typed-arrays': [ '1.0.7' ],
77 silly audit   'axe-core': [ '4.11.0' ],
77 silly audit   'axobject-query': [ '4.1.0' ],
77 silly audit   'balanced-match': [ '1.0.2' ],
77 silly audit   'base64-js': [ '1.5.1' ],
77 silly audit   'baseline-browser-mapping': [ '2.9.11' ],
77 silly audit   'bignumber.js': [ '9.3.1' ],
77 silly audit   'binary-extensions': [ '2.3.0' ],
77 silly audit   'body-parser': [ '2.2.1' ],
77 silly audit   braces: [ '3.0.3' ],
77 silly audit   browserslist: [ '4.28.1' ],
77 silly audit   buffer: [ '6.0.3' ],
77 silly audit   'buffer-equal-constant-time': [ '1.0.1' ],
77 silly audit   'bundle-name': [ '4.1.0' ],
77 silly audit   busboy: [ '1.6.0' ],
77 silly audit   bytes: [ '3.1.2' ],
77 silly audit   'call-bind': [ '1.0.8' ],
77 silly audit   'call-bind-apply-helpers': [ '1.0.2' ],
77 silly audit   'call-bound': [ '1.0.4' ],
77 silly audit   callsites: [ '3.1.0' ],
77 silly audit   'camelcase-css': [ '2.0.1' ],
77 silly audit   'caniuse-lite': [ '1.0.30001762' ],
77 silly audit   chalk: [ '4.1.2', '5.6.2' ],
77 silly audit   chokidar: [ '3.6.0' ],
77 silly audit   'glob-parent': [ '5.1.2', '6.0.2' ],
77 silly audit   'class-variance-authority': [ '0.7.1' ],
77 silly audit   'cli-cursor': [ '5.0.0' ],
77 silly audit   'cli-spinners': [ '2.9.2' ],
77 silly audit   'cli-width': [ '4.1.0' ],
77 silly audit   'client-only': [ '0.0.1' ],
77 silly audit   cliui: [ '8.0.1' ],
77 silly audit   'emoji-regex': [ '8.0.0', '9.2.2', '10.6.0' ],
77 silly audit   clsx: [ '2.1.1' ],
77 silly audit   'code-block-writer': [ '13.0.3' ],
77 silly audit   'color-convert': [ '2.0.1' ],
77 silly audit   'color-name': [ '1.1.4' ],
77 silly audit   'concat-map': [ '0.0.1' ],
77 silly audit   'content-disposition': [ '1.0.1' ],
77 silly audit   'content-type': [ '1.0.5' ],
77 silly audit   'convert-source-map': [ '2.0.0' ],
77 silly audit   cookie: [ '1.1.1', '0.7.2' ],
77 silly audit   'cookie-signature': [ '1.2.2' ],
77 silly audit   cors: [ '2.8.5' ],
77 silly audit   cosmiconfig: [ '9.0.0' ],
77 silly audit   'cross-spawn': [ '7.0.6' ],
77 silly audit   cssesc: [ '3.0.0' ],
77 silly audit   csstype: [ '3.2.3' ],
77 silly audit   'damerau-levenshtein': [ '1.0.8' ],
77 silly audit   'data-uri-to-buffer': [ '4.0.1' ],
77 silly audit   'data-view-buffer': [ '1.0.2' ],
77 silly audit   'data-view-byte-length': [ '1.0.2' ],
77 silly audit   'data-view-byte-offset': [ '1.0.1' ],
77 silly audit   debug: [ '4.4.3', '3.2.7' ],
77 silly audit   dedent: [ '1.7.1' ],
77 silly audit   'deep-is': [ '0.1.4' ],
77 silly audit   deepmerge: [ '4.3.1' ],
77 silly audit   'default-browser': [ '5.4.0' ],
77 silly audit   'default-browser-id': [ '5.0.1' ],
77 silly audit   'define-data-property': [ '1.1.4' ],
77 silly audit   'define-lazy-prop': [ '3.0.0' ],
77 silly audit   'define-properties': [ '1.2.1' ],
77 silly audit   depd: [ '2.0.0' ],
77 silly audit   dequal: [ '2.0.3' ],
77 silly audit   didyoumean: [ '1.2.2' ],
77 silly audit   diff: [ '8.0.2' ],
77 silly audit   'dir-glob': [ '3.0.1' ],
77 silly audit   dlv: [ '1.1.3' ],
77 silly audit   doctrine: [ '3.0.0', '2.1.0' ],
77 silly audit   dotenv: [ '17.2.3' ],
77 silly audit   'dunder-proto': [ '1.0.1' ],
77 silly audit   eastasianwidth: [ '0.2.0' ],
77 silly audit   'ecdsa-sig-formatter': [ '1.0.11' ],
77 silly audit   eciesjs: [ '0.4.16' ],
77 silly audit   'ee-first': [ '1.1.1' ],
77 silly audit   'electron-to-chromium': [ '1.5.267' ],
77 silly audit   encodeurl: [ '2.0.0' ],
77 silly audit   'env-paths': [ '2.2.1' ],
77 silly audit   'error-ex': [ '1.3.4' ],
77 silly audit   'es-abstract': [ '1.24.1' ],
77 silly audit   'es-define-property': [ '1.0.1' ],
77 silly audit   'es-errors': [ '1.3.0' ],
77 silly audit   'es-iterator-helpers': [ '1.2.2' ],
77 silly audit   'es-object-atoms': [ '1.1.1' ],
77 silly audit   'es-set-tostringtag': [ '2.1.0' ],
77 silly audit   'es-shim-unscopables': [ '1.1.0' ],
77 silly audit   'es-to-primitive': [ '1.3.0' ],
77 silly audit   escalade: [ '3.2.0' ],
77 silly audit   'escape-html': [ '1.0.3' ],
77 silly audit   'escape-string-regexp': [ '4.0.0' ],
77 silly audit   eslint: [ '8.57.1' ],
77 silly audit   'eslint-config-next': [ '14.0.4' ],
77 silly audit   'eslint-import-resolver-node': [ '0.3.9' ],
77 silly audit   'eslint-import-resolver-typescript': [ '3.10.1' ],
77 silly audit   'eslint-module-utils': [ '2.12.1' ],
77 silly audit   'eslint-plugin-import': [ '2.32.0' ],
77 silly audit   'eslint-plugin-jsx-a11y': [ '6.10.2' ],
77 silly audit   'eslint-plugin-react': [ '7.37.5' ],
77 silly audit   'eslint-plugin-react-hooks': [ '5.0.0-canary-7118f5dd7-20230705' ],
77 silly audit   resolve: [ '2.0.0-next.5', '1.22.11' ],
77 silly audit   'eslint-scope': [ '7.2.2' ],
77 silly audit   'eslint-visitor-keys': [ '3.4.3' ],
77 silly audit   espree: [ '9.6.1' ],
77 silly audit   esprima: [ '4.0.1' ],
77 silly audit   esquery: [ '1.7.0' ],
77 silly audit   esrecurse: [ '4.3.0' ],
77 silly audit   estraverse: [ '5.3.0' ],
77 silly audit   esutils: [ '2.0.3' ],
77 silly audit   etag: [ '1.8.1' ],
77 silly audit   eventsource: [ '3.0.7' ],
77 silly audit   'eventsource-parser': [ '3.0.6' ],
77 silly audit   express: [ '5.2.1' ],
77 silly audit   'express-rate-limit': [ '7.5.1' ],
77 silly audit   extend: [ '3.0.2' ],
77 silly audit   'fast-deep-equal': [ '3.1.3' ],
77 silly audit   'fast-glob': [ '3.3.3' ],
77 silly audit   'fast-json-stable-stringify': [ '2.1.0' ],
77 silly audit   'fast-levenshtein': [ '2.0.6' ],
77 silly audit   'fast-uri': [ '3.1.0' ],
77 silly audit   fastq: [ '1.20.1' ],
77 silly audit   'fetch-blob': [ '3.2.0' ],
77 silly audit   fflate: [ '0.8.2' ],
77 silly audit   figures: [ '6.1.0' ],
77 silly audit   'file-entry-cache': [ '6.0.1' ],
77 silly audit   'fill-range': [ '7.1.1' ],
77 silly audit   finalhandler: [ '2.1.1' ],
77 silly audit   'find-up': [ '5.0.0' ],
77 silly audit   'flat-cache': [ '3.2.0' ],
77 silly audit   flatted: [ '3.3.3' ],
77 silly audit   'for-each': [ '0.3.5' ],
77 silly audit   'foreground-child': [ '3.3.1' ],
77 silly audit   'formdata-polyfill': [ '4.0.10' ],
77 silly audit   forwarded: [ '0.2.0' ],
77 silly audit   'fraction.js': [ '5.3.4' ],
77 silly audit   fresh: [ '2.0.0' ],
77 silly audit   'fs-extra': [ '11.3.3' ],
77 silly audit   'fs.realpath': [ '1.0.0' ],
77 silly audit   fsevents: [ '2.3.3' ],
77 silly audit   'function-bind': [ '1.1.2' ],
77 silly audit   'function.prototype.name': [ '1.1.8' ],
77 silly audit   'functions-have-names': [ '1.2.3' ],
77 silly audit   fuzzysort: [ '3.1.0' ],
77 silly audit   fzf: [ '0.5.2' ],
77 silly audit   gaxios: [ '7.1.3' ],
77 silly audit   glob: [ '10.5.0', '7.1.7' ],
77 silly audit   rimraf: [ '5.0.10', '3.0.2' ],
77 silly audit   'gcp-metadata': [ '8.1.2' ],
77 silly audit   'generator-function': [ '2.0.1' ],
77 silly audit   gensync: [ '1.0.0-beta.2' ],
77 silly audit   'get-caller-file': [ '2.0.5' ],
77 silly audit   'get-east-asian-width': [ '1.4.0' ],
77 silly audit   'get-intrinsic': [ '1.3.0' ],
77 silly audit   'get-own-enumerable-keys': [ '1.0.0' ],
77 silly audit   'get-proto': [ '1.0.1' ],
77 silly audit   'get-symbol-description': [ '1.1.0' ],
77 silly audit   'get-tsconfig': [ '4.13.0' ],
77 silly audit   globals: [ '13.24.0' ],
77 silly audit   globalthis: [ '1.0.4' ],
77 silly audit   globby: [ '11.1.0' ],
77 silly audit   'google-auth-library': [ '10.5.0' ],
77 silly audit   'google-logging-utils': [ '1.1.3' ],
77 silly audit   gopd: [ '1.2.0' ],
77 silly audit   'graceful-fs': [ '4.2.11' ],
77 silly audit   graphemer: [ '1.4.0' ],
77 silly audit   graphql: [ '16.12.0' ],
77 silly audit   gtoken: [ '8.0.0' ],
77 silly audit   'has-bigints': [ '1.1.0' ],
77 silly audit   'has-flag': [ '4.0.0' ],
77 silly audit   'has-property-descriptors': [ '1.0.2' ],
77 silly audit   'has-proto': [ '1.2.0' ],
77 silly audit   'has-symbols': [ '1.1.0' ],
77 silly audit   'has-tostringtag': [ '1.0.2' ],
77 silly audit   hasown: [ '2.0.2' ],
77 silly audit   'headers-polyfill': [ '4.0.3' ],
77 silly audit   hono: [ '4.11.3' ],
77 silly audit   'http-errors': [ '2.0.1' ],
77 silly audit   'https-proxy-agent': [ '7.0.6' ],
77 silly audit   'iconv-lite': [ '0.7.1' ],
77 silly audit   ieee754: [ '1.2.1' ],
77 silly audit   ignore: [ '5.3.2' ],
77 silly audit   'import-fresh': [ '3.3.1' ],
77 silly audit   imurmurhash: [ '0.1.4' ],
77 silly audit   inflight: [ '1.0.6' ],
77 silly audit   inherits: [ '2.0.4' ],
77 silly audit   'internal-slot': [ '1.1.0' ],
77 silly audit   'ipaddr.js': [ '1.9.1' ],
77 silly audit   'is-array-buffer': [ '3.0.5' ],
77 silly audit   'is-arrayish': [ '0.2.1' ],
77 silly audit   'is-async-function': [ '2.1.1' ],
77 silly audit   'is-bigint': [ '1.1.0' ],
77 silly audit   'is-binary-path': [ '2.1.0' ],
77 silly audit   'is-boolean-object': [ '1.2.2' ],
77 silly audit   'is-bun-module': [ '2.0.0' ],
77 silly audit   'is-callable': [ '1.2.7' ],
77 silly audit   'is-core-module': [ '2.16.1' ],
77 silly audit   'is-data-view': [ '1.0.2' ],
77 silly audit   'is-date-object': [ '1.1.0' ],
77 silly audit   'is-docker': [ '3.0.0' ],
77 silly audit   'is-extglob': [ '2.1.1' ],
77 silly audit   'is-finalizationregistry': [ '1.1.1' ],
77 silly audit   'is-fullwidth-code-point': [ '3.0.0' ],
77 silly audit   'is-generator-function': [ '1.1.2' ],
77 silly audit   'is-glob': [ '4.0.3' ],
77 silly audit   'is-in-ssh': [ '1.0.0' ],
77 silly audit   'is-inside-container': [ '1.0.0' ],
77 silly audit   'is-interactive': [ '2.0.0' ],
77 silly audit   'is-map': [ '2.0.3' ],
77 silly audit   'is-negative-zero': [ '2.0.3' ],
77 silly audit   'is-node-process': [ '1.2.0' ],
77 silly audit   'is-number': [ '7.0.0' ],
77 silly audit   'is-number-object': [ '1.1.1' ],
77 silly audit   'is-obj': [ '3.0.0' ],
77 silly audit   'is-path-inside': [ '3.0.3' ],
77 silly audit   'is-plain-obj': [ '4.1.0' ],
77 silly audit   'is-promise': [ '4.0.0' ],
77 silly audit   'is-regex': [ '1.2.1' ],
77 silly audit   'is-regexp': [ '3.1.0' ],
77 silly audit   'is-set': [ '2.0.3' ],
77 silly audit   'is-shared-array-buffer': [ '1.0.4' ],
77 silly audit   'is-string': [ '1.1.1' ],
77 silly audit   'is-symbol': [ '1.1.1' ],
77 silly audit   'is-typed-array': [ '1.1.15' ],
77 silly audit   'is-unicode-supported': [ '2.1.0', '1.3.0' ],
77 silly audit   'is-weakmap': [ '2.0.2' ],
77 silly audit   'is-weakref': [ '1.1.1' ],
77 silly audit   'is-weakset': [ '2.0.4' ],
77 silly audit   'is-wsl': [ '3.1.0' ],
77 silly audit   isarray: [ '2.0.5' ],
77 silly audit   'iterator.prototype': [ '1.1.5' ],
77 silly audit   'its-fine': [ '1.2.5' ],
77 silly audit   jackspeak: [ '3.4.3' ],
77 silly audit   jiti: [ '1.21.7' ],
77 silly audit   jose: [ '6.1.3' ],
77 silly audit   'js-tokens': [ '4.0.0' ],
77 silly audit   'js-yaml': [ '4.1.1' ],
77 silly audit   jsesc: [ '3.1.0' ],
77 silly audit   'json-bigint': [ '1.0.0' ],
77 silly audit   'json-buffer': [ '3.0.1' ],
77 silly audit   'json-parse-even-better-errors': [ '2.3.1' ],
77 silly audit   'json-schema-typed': [ '8.0.2' ],
77 silly audit   'json-stable-stringify-without-jsonify': [ '1.0.1' ],
77 silly audit   jsonfile: [ '6.2.0' ],
77 silly audit   'jsx-ast-utils': [ '3.3.5' ],
77 silly audit   jwa: [ '2.0.1' ],
77 silly audit   jws: [ '4.0.1' ],
77 silly audit   keyv: [ '4.5.4' ],
77 silly audit   kleur: [ '4.1.5', '3.0.3' ],
77 silly audit   'language-subtag-registry': [ '0.3.23' ],
77 silly audit   'language-tags': [ '1.0.9' ],
77 silly audit   levn: [ '0.4.1' ],
77 silly audit   lilconfig: [ '3.1.3' ],
77 silly audit   'lines-and-columns': [ '1.2.4' ],
77 silly audit   'locate-path': [ '6.0.0' ],
77 silly audit   'lodash.merge': [ '4.6.2' ],
77 silly audit   'log-symbols': [ '6.0.0' ],
77 silly audit   'loose-envify': [ '1.4.0' ],
77 silly audit   'lru-cache': [ '5.1.1', '10.4.3' ],
77 silly audit   'lucide-react': [ '0.562.0' ],
77 silly audit   'math-intrinsics': [ '1.1.0' ],
77 silly audit   'media-typer': [ '1.1.0' ],
77 silly audit   'merge-descriptors': [ '2.0.0' ],
77 silly audit   'merge-stream': [ '2.0.0' ],
77 silly audit   merge2: [ '1.4.1' ],
77 silly audit   meshoptimizer: [ '0.22.0' ],
77 silly audit   micromatch: [ '4.0.8' ],
77 silly audit   'mime-db': [ '1.54.0' ],
77 silly audit   'mime-types': [ '3.0.2' ],
77 silly audit   'mimic-fn': [ '2.1.0' ],
77 silly audit   'mimic-function': [ '5.0.1' ],
77 silly audit   minimist: [ '1.2.8' ],
77 silly audit   minipass: [ '7.1.2' ],
77 silly audit   ms: [ '2.1.3' ],
77 silly audit   msw: [ '2.12.7' ],
77 silly audit   'type-fest': [ '5.3.1', '0.20.2' ],
77 silly audit   'mute-stream': [ '2.0.0' ],
77 silly audit   mz: [ '2.7.0' ],
77 silly audit   nanoid: [ '3.3.11' ],
77 silly audit   'napi-postinstall': [ '0.3.4' ],
77 silly audit   'natural-compare': [ '1.4.0' ],
77 silly audit   negotiator: [ '1.0.0' ],
77 silly audit   next: [ '14.2.35' ],
77 silly audit   'next-themes': [ '0.4.6' ],
77 silly audit   postcss: [ '8.4.31', '8.5.6' ],
77 silly audit   'node-domexception': [ '1.0.0' ],
77 silly audit   'node-fetch': [ '3.3.2' ],
77 silly audit   'node-releases': [ '2.0.27' ],
77 silly audit   'normalize-path': [ '3.0.0' ],
77 silly audit   'path-key': [ '4.0.0', '3.1.1' ],
77 silly audit   'object-assign': [ '4.1.1' ],
77 silly audit   'object-hash': [ '3.0.0' ],
77 silly audit   'object-inspect': [ '1.13.4' ],
77 silly audit   'object-keys': [ '1.1.1' ],
77 silly audit   'object-treeify': [ '1.1.33' ],
77 silly audit   'object.assign': [ '4.1.7' ],
77 silly audit   'object.entries': [ '1.1.9' ],
77 silly audit   'object.fromentries': [ '2.0.8' ],
77 silly audit   'object.groupby': [ '1.0.3' ],
77 silly audit   'object.values': [ '1.2.1' ],
77 silly audit   'on-finished': [ '2.4.1' ],
77 silly audit   once: [ '1.4.0' ],
77 silly audit   open: [ '11.0.0' ],
77 silly audit   optionator: [ '0.9.4' ],
77 silly audit   ora: [ '8.2.0' ],
77 silly audit   outvariant: [ '1.4.3' ],
77 silly audit   'own-keys': [ '1.0.1' ],
77 silly audit   'p-limit': [ '3.1.0' ],
77 silly audit   'p-locate': [ '5.0.0' ],
77 silly audit   'package-json-from-dist': [ '1.0.1' ],
77 silly audit   'package-manager-detector': [ '1.6.0' ],
77 silly audit   'parent-module': [ '1.0.1' ],
77 silly audit   'parse-json': [ '5.2.0' ],
77 silly audit   'parse-ms': [ '4.0.0' ],
77 silly audit   parseurl: [ '1.3.3' ],
77 silly audit   'path-browserify': [ '1.0.1' ],
77 silly audit   'path-exists': [ '4.0.0' ],
77 silly audit   'path-is-absolute': [ '1.0.1' ],
77 silly audit   'path-parse': [ '1.0.7' ],
77 silly audit   'path-scurry': [ '1.11.1' ],
77 silly audit   'path-to-regexp': [ '6.3.0', '8.3.0' ],
77 silly audit   'path-type': [ '4.0.0' ],
77 silly audit   'pdfjs-dist': [ '4.10.38' ],
77 silly audit   picocolors: [ '1.1.1' ],
77 silly audit   pify: [ '2.3.0' ],
77 silly audit   pirates: [ '4.0.7' ],
77 silly audit   'pkce-challenge': [ '5.0.1' ],
77 silly audit   'possible-typed-array-names': [ '1.1.0' ],
77 silly audit   'postcss-import': [ '15.1.0' ],
77 silly audit   'postcss-js': [ '4.1.0' ],
77 silly audit   'postcss-load-config': [ '6.0.1' ],
77 silly audit   'postcss-nested': [ '6.2.0' ],
77 silly audit   'postcss-selector-parser': [ '6.1.2', '7.1.1' ],
77 silly audit   'postcss-value-parser': [ '4.2.0' ],
77 silly audit   'powershell-utils': [ '0.1.0' ],
77 silly audit   'prelude-ls': [ '1.2.1' ],
77 silly audit   'pretty-ms': [ '9.3.0' ],
77 silly audit   prompts: [ '2.4.2' ],
77 silly audit   'prop-types': [ '15.8.1' ],
77 silly audit   'proxy-addr': [ '2.0.7' ],
77 silly audit   punycode: [ '2.3.1' ],
77 silly audit   qs: [ '6.14.1' ],
77 silly audit   'queue-microtask': [ '1.2.3' ],
77 silly audit   'range-parser': [ '1.2.1' ],
77 silly audit   'raw-body': [ '3.0.2' ],
77 silly audit   react: [ '18.3.1' ],
77 silly audit   'react-dom': [ '18.3.1' ],
77 silly audit   'react-is': [ '16.13.1' ],
77 silly audit   'react-reconciler': [ '0.27.0' ],
77 silly audit   'react-use-measure': [ '2.1.7' ],
77 silly audit   'read-cache': [ '1.0.0' ],
77 silly audit   readdirp: [ '3.6.0' ],
77 silly audit   recast: [ '0.23.11' ],
77 silly audit   'reflect.getprototypeof': [ '1.0.10' ],
77 silly audit   'regexp.prototype.flags': [ '1.5.4' ],
77 silly audit   'require-directory': [ '2.1.1' ],
77 silly audit   'require-from-string': [ '2.0.2' ],
77 silly audit   'resolve-from': [ '4.0.0' ],
77 silly audit   'resolve-pkg-maps': [ '1.0.0' ],
77 silly audit   'restore-cursor': [ '5.1.0' ],
77 silly audit   rettime: [ '0.7.0' ],
77 silly audit   reusify: [ '1.1.0' ],
77 silly audit   router: [ '2.2.0' ],
77 silly audit   'run-applescript': [ '7.1.0' ],
77 silly audit   'run-parallel': [ '1.2.0' ],
77 silly audit   'safe-array-concat': [ '1.1.3' ],
77 silly audit   'safe-buffer': [ '5.2.1' ],
77 silly audit   'safe-push-apply': [ '1.0.0' ],
77 silly audit   'safe-regex-test': [ '1.1.0' ],
77 silly audit   'safer-buffer': [ '2.1.2' ],
77 silly audit   send: [ '1.2.1' ],
77 silly audit   'serve-static': [ '2.2.1' ],
77 silly audit   'set-function-length': [ '1.2.2' ],
77 silly audit   'set-function-name': [ '2.0.2' ],
77 silly audit   'set-proto': [ '1.0.0' ],
77 silly audit   setprototypeof: [ '1.2.0' ],
77 silly audit   shadcn: [ '3.6.2' ],
77 silly audit   'tsconfig-paths': [ '4.2.0', '3.15.0' ],
77 silly audit   'shebang-command': [ '2.0.0' ],
77 silly audit   'shebang-regex': [ '3.0.0' ],
77 silly audit   'side-channel': [ '1.1.0' ],
77 silly audit   'side-channel-list': [ '1.0.0' ],
77 silly audit   'side-channel-map': [ '1.0.1' ],
77 silly audit   'side-channel-weakmap': [ '1.0.2' ],
77 silly audit   sisteransi: [ '1.0.5' ],
77 silly audit   slash: [ '3.0.0' ],
77 silly audit   'source-map': [ '0.6.1' ],
77 silly audit   'source-map-js': [ '1.2.1' ],
77 silly audit   'stable-hash': [ '0.0.5' ],
77 silly audit   statuses: [ '2.0.2' ],
77 silly audit   'stdin-discarder': [ '0.2.2' ],
77 silly audit   'stop-iteration-iterator': [ '1.1.0' ],
77 silly audit   streamsearch: [ '1.1.0' ],
77 silly audit   'strict-event-emitter': [ '0.5.1' ],
77 silly audit   'string.prototype.includes': [ '2.0.1' ],
77 silly audit   'string.prototype.matchall': [ '4.0.12' ],
77 silly audit   'string.prototype.repeat': [ '1.0.0' ],
77 silly audit   'string.prototype.trim': [ '1.2.10' ],
77 silly audit   'string.prototype.trimend': [ '1.0.9' ],
77 silly audit   'string.prototype.trimstart': [ '1.0.8' ],
77 silly audit   'stringify-object': [ '5.0.0' ],
77 silly audit   'strip-bom': [ '3.0.0' ],
77 silly audit   'strip-json-comments': [ '3.1.1' ],
77 silly audit   'styled-jsx': [ '5.1.1' ],
77 silly audit   sucrase: [ '3.35.1' ],
77 silly audit   'supports-color': [ '7.2.0' ],
77 silly audit   'supports-preserve-symlinks-flag': [ '1.0.0' ],
77 silly audit   'suspend-react': [ '0.1.3' ],
77 silly audit   swr: [ '2.3.8' ],
77 silly audit   'tagged-tag': [ '1.0.0' ],
77 silly audit   'tailwind-merge': [ '3.4.0' ],
77 silly audit   tailwindcss: [ '3.4.19' ],
77 silly audit   'tailwindcss-animate': [ '1.0.7' ],
77 silly audit   'text-table': [ '0.2.0' ],
77 silly audit   thenify: [ '3.3.1' ],
77 silly audit   'thenify-all': [ '1.6.0' ],
77 silly audit   three: [ '0.167.1' ],
77 silly audit   'tiny-invariant': [ '1.3.3' ],
77 silly audit   tinyexec: [ '1.0.2' ],
77 silly audit   tinyglobby: [ '0.2.15' ],
77 silly audit   tldts: [ '7.0.19' ],
77 silly audit   'tldts-core': [ '7.0.19' ],
77 silly audit   'to-regex-range': [ '5.0.1' ],
77 silly audit   toidentifier: [ '1.0.1' ],
77 silly audit   'tough-cookie': [ '6.0.0' ],
77 silly audit   'ts-api-utils': [ '1.4.3' ],
77 silly audit   'ts-interface-checker': [ '0.1.13' ],
77 silly audit   'ts-morph': [ '26.0.0' ],
77 silly audit   tslib: [ '2.8.1' ],
77 silly audit   'type-check': [ '0.4.0' ],
77 silly audit   'type-is': [ '2.0.1' ],
77 silly audit   'typed-array-buffer': [ '1.0.3' ],
77 silly audit   'typed-array-byte-length': [ '1.0.3' ],
77 silly audit   'typed-array-byte-offset': [ '1.0.4' ],
77 silly audit   'typed-array-length': [ '1.0.7' ],
77 silly audit   typescript: [ '5.9.3' ],
77 silly audit   'unbox-primitive': [ '1.1.0' ],
77 silly audit   'undici-types': [ '6.21.0' ],
77 silly audit   'unicorn-magic': [ '0.3.0' ],
77 silly audit   universalify: [ '2.0.1' ],
77 silly audit   unpipe: [ '1.0.0' ],
77 silly audit   'unrs-resolver': [ '1.11.1' ],
77 silly audit   'until-async': [ '3.0.2' ],
77 silly audit   'update-browserslist-db': [ '1.2.3' ],
77 silly audit   'uri-js': [ '4.4.1' ],
77 silly audit   'use-sync-external-store': [ '1.6.0' ],
77 silly audit   'util-deprecate': [ '1.0.2' ],
77 silly audit   uuid: [ '9.0.1' ],
77 silly audit   vary: [ '1.1.2' ],
77 silly audit   'web-streams-polyfill': [ '3.3.3' ],
77 silly audit   'which-boxed-primitive': [ '1.1.1' ],
77 silly audit   'which-builtin-type': [ '1.2.1' ],
77 silly audit   'which-collection': [ '1.0.2' ],
77 silly audit   'which-typed-array': [ '1.1.19' ],
77 silly audit   'word-wrap': [ '1.2.5' ],
77 silly audit   wrappy: [ '1.0.2' ],
77 silly audit   ws: [ '8.18.3' ],
77 silly audit   'wsl-utils': [ '0.3.1' ],
77 silly audit   y18n: [ '5.0.8' ],
77 silly audit   yallist: [ '3.1.1' ],
77 silly audit   yargs: [ '17.7.2' ],
77 silly audit   'yargs-parser': [ '21.1.1' ],
77 silly audit   'yocto-queue': [ '0.1.0' ],
77 silly audit   yoctocolors: [ '2.1.2' ],
77 silly audit   'yoctocolors-cjs': [ '2.1.3' ],
77 silly audit   zod: [ '3.25.76' ],
77 silly audit   'zod-to-json-schema': [ '3.25.1' ],
77 silly audit   zustand: [ '3.7.2' ],
77 silly audit   '@supabase/ssr': [ '0.8.0' ],
77 silly audit   '@supabase/supabase-js': [ '2.90.1' ],
77 silly audit   '@supabase/auth-js': [ '2.90.1' ],
77 silly audit   '@supabase/functions-js': [ '2.90.1' ],
77 silly audit   '@supabase/postgrest-js': [ '2.90.1' ],
77 silly audit   '@supabase/realtime-js': [ '2.90.1' ],
77 silly audit   '@supabase/storage-js': [ '2.90.1' ],
77 silly audit   '@types/phoenix': [ '1.6.7' ],
77 silly audit   '@types/ws': [ '8.18.1' ],
77 silly audit   'iceberg-js': [ '0.8.1' ]
77 silly audit }
78 http cache @supabase/supabase-js@https://registry.npmjs.org/@supabase/supabase-js/-/supabase-js-2.90.1.tgz 1ms (cache hit)
79 http cache @supabase/storage-js@https://registry.npmjs.org/@supabase/storage-js/-/storage-js-2.90.1.tgz 0ms (cache hit)
80 http cache @supabase/postgrest-js@https://registry.npmjs.org/@supabase/postgrest-js/-/postgrest-js-2.90.1.tgz 0ms (cache hit)
81 http cache @supabase/functions-js@https://registry.npmjs.org/@supabase/functions-js/-/functions-js-2.90.1.tgz 0ms (cache hit)
82 http cache @supabase/realtime-js@https://registry.npmjs.org/@supabase/realtime-js/-/realtime-js-2.90.1.tgz 0ms (cache hit)
83 http cache @supabase/auth-js@https://registry.npmjs.org/@supabase/auth-js/-/auth-js-2.90.1.tgz 0ms (cache hit)
84 silly tarball no local data for @supabase/supabase-js@https://registry.npmjs.org/@supabase/supabase-js/-/supabase-js-2.90.1.tgz. Extracting by manifest.
85 silly tarball no local data for @supabase/storage-js@https://registry.npmjs.org/@supabase/storage-js/-/storage-js-2.90.1.tgz. Extracting by manifest.
86 silly tarball no local data for @supabase/postgrest-js@https://registry.npmjs.org/@supabase/postgrest-js/-/postgrest-js-2.90.1.tgz. Extracting by manifest.
87 silly tarball no local data for @supabase/functions-js@https://registry.npmjs.org/@supabase/functions-js/-/functions-js-2.90.1.tgz. Extracting by manifest.
88 silly tarball no local data for @supabase/realtime-js@https://registry.npmjs.org/@supabase/realtime-js/-/realtime-js-2.90.1.tgz. Extracting by manifest.
89 silly tarball no local data for @supabase/auth-js@https://registry.npmjs.org/@supabase/auth-js/-/auth-js-2.90.1.tgz. Extracting by manifest.
90 http fetch GET 200 https://registry.npmjs.org/@supabase/supabase-js/-/supabase-js-2.90.1.tgz 72ms (cache miss)
91 http fetch GET 200 https://registry.npmjs.org/@supabase/postgrest-js/-/postgrest-js-2.90.1.tgz 80ms (cache miss)
92 http fetch GET 200 https://registry.npmjs.org/@supabase/storage-js/-/storage-js-2.90.1.tgz 89ms (cache miss)
93 http fetch GET 200 https://registry.npmjs.org/@supabase/functions-js/-/functions-js-2.90.1.tgz 90ms (cache miss)
94 http fetch POST 200 https://registry.npmjs.org/-/npm/v1/security/advisories/bulk 107ms
95 silly audit report {}
96 http fetch GET 200 https://registry.npmjs.org/@supabase/realtime-js/-/realtime-js-2.90.1.tgz 128ms (cache miss)
97 http fetch GET 200 https://registry.npmjs.org/@supabase/auth-js/-/auth-js-2.90.1.tgz 150ms (cache miss)
98 silly CHANGE node_modules/@supabase/supabase-js
99 silly CHANGE node_modules/@supabase/storage-js
100 silly CHANGE node_modules/@supabase/realtime-js
101 silly CHANGE node_modules/@supabase/postgrest-js
102 silly CHANGE node_modules/@supabase/functions-js
103 silly CHANGE node_modules/@supabase/auth-js
104 verbose cwd /Users/cryzez/Documents/PDF-Tables/PDF-Tables
105 verbose os Darwin 25.0.0
106 verbose node v22.20.0
107 verbose npm  v11.6.4
108 verbose exit 0
109 info ok
